<?xml version="1.0" encoding="UTF-8"?>
<testng-results ignored="0" total="1" passed="1" failed="0" skipped="0">
  <reporter-output>
  </reporter-output>
  <suite started-at="2022-10-25T00:52:02 IST" name="Default suite" finished-at="2022-10-25T00:52:48 IST" duration-ms="45568">
    <groups>
    </groups>
    <test started-at="2022-10-25T00:52:02 IST" name="Default test" finished-at="2022-10-25T00:52:48 IST" duration-ms="45568">
      <class name="com.fulcreative.task.Trello">
        <test-method is-config="true" signature="initBrowser()[pri:0, instance:com.fulcreative.task.Trello@7692d9cc]" started-at="2022-10-25T00:52:02 IST" name="initBrowser" finished-at="2022-10-25T00:52:04 IST" duration-ms="1606" status="PASS">
          <reporter-output>
          </reporter-output>
        </test-method> <!-- initBrowser -->
        <test-method signature="TestFlow()[pri:0, instance:com.fulcreative.task.Trello@7692d9cc]" started-at="2022-10-25T00:52:04 IST" name="TestFlow" finished-at="2022-10-25T00:52:48 IST" duration-ms="43885" status="PASS">
          <reporter-output>
          </reporter-output>
        </test-method> <!-- TestFlow -->
        <test-method is-config="true" signature="tearDown()[pri:0, instance:com.fulcreative.task.Trello@7692d9cc]" started-at="2022-10-25T00:52:48 IST" name="tearDown" finished-at="2022-10-25T00:52:48 IST" duration-ms="3" status="PASS">
          <reporter-output>
          </reporter-output>
        </test-method> <!-- tearDown -->
      </class> <!-- com.fulcreative.task.Trello -->
    </test> <!-- Default test -->
  </suite> <!-- Default suite -->
</testng-results>
